CCS PCM C Compiler, Version 5.008, 5967               20-nov-18 20:47

               Filename:   D:\Nova pasta (2)\main.lst

               ROM used:   419 words (20%)
                           Largest free fragment is 1629
               RAM used:   6 (3%) at main() level
                           18 (8%) worst case
               Stack used: 4 locations
               Stack size: 8

*
0000:  MOVLW  01
0001:  MOVWF  0A
0002:  GOTO   16E
0003:  NOP
.................... #include <main.h> 
.................... #include <16F628A.h> 
.................... //////// Standard Header file for the PIC16F628A device //////////////// 
.................... #device PIC16F628A 
0004:  BCF    0A.0
0005:  BCF    0A.1
0006:  BCF    0A.2
0007:  ADDWF  02,F
0008:  RETLW  28
0009:  RETLW  0C
000A:  RETLW  01
000B:  RETLW  06
000C:  BCF    0A.0
000D:  BCF    0A.1
000E:  BCF    0A.2
000F:  ADDWF  02,F
0010:  RETLW  0C
0011:  RETLW  52
0012:  RETLW  65
0013:  RETLW  61
0014:  RETLW  64
0015:  RETLW  79
0016:  RETLW  2E
0017:  RETLW  2E
0018:  RETLW  2E
0019:  RETLW  0A
001A:  RETLW  00
001B:  BCF    0A.0
001C:  BCF    0A.1
001D:  BCF    0A.2
001E:  ADDWF  02,F
001F:  RETLW  54
0020:  RETLW  65
0021:  RETLW  73
0022:  RETLW  74
0023:  RETLW  65
0024:  RETLW  00
....................  
.................... #list 
....................  
....................  
.................... #FUSES NOWDT                    //No Watch Dog Timer 
.................... #FUSES NOBROWNOUT               //No brownout reset 
.................... #FUSES NOLVP                    //No low voltage prgming, B3(PIC16) or B5(PIC18) used for I/O 
....................  
.................... #use delay(crystal=12MHz) 
0025:  MOVLW  24
0026:  MOVWF  04
0027:  BCF    03.7
0028:  MOVF   00,W
0029:  BTFSC  03.2
002A:  GOTO   039
002B:  MOVLW  03
002C:  MOVWF  78
002D:  CLRF   77
002E:  DECFSZ 77,F
002F:  GOTO   02E
0030:  DECFSZ 78,F
0031:  GOTO   02D
0032:  MOVLW  E3
0033:  MOVWF  77
0034:  DECFSZ 77,F
0035:  GOTO   034
0036:  NOP
0037:  DECFSZ 00,F
0038:  GOTO   02B
0039:  RETURN
.................... #define RELE PIN_B4 
.................... #define LED PIN_B3 
.................... #use rs232(baud=9600,parity=N,xmit=PIN_B2,rcv=PIN_B1,bits=8,stream=PORT1) 
....................  
....................  
.................... #define LCD_ENABLE_PIN PIN_A0 
.................... #define LCD_RS_PIN PIN_A1 
.................... #define LCD_RW_PIN PIN_A2 
.................... #define LCD_DATA4 PIN_A3 
.................... #define LCD_DATA5 PIN_A4 
.................... #define LCD_DATA6 PIN_B0 
.................... #define LCD_DATA7 PIN_B1 
....................  
.................... #include <lcd.c> 
.................... /////////////////////////////////////////////////////////////////////////////// 
.................... ////                             LCD.C                                     //// 
.................... ////                 Driver for common LCD modules                         //// 
.................... ////                                                                       //// 
.................... ////  lcd_init()   Must be called before any other function.               //// 
.................... ////                                                                       //// 
.................... ////  lcd_putc(c)  Will display c on the next position of the LCD.         //// 
.................... ////                 \a  Set cursor position to upper left                 //// 
.................... ////                 \f  Clear display, set cursor to upper left           //// 
.................... ////                 \n  Go to start of second line                        //// 
.................... ////                 \b  Move back one position                            //// 
.................... ////              If LCD_EXTENDED_NEWLINE is defined, the \n character     //// 
.................... ////              will erase all remanining characters on the current      //// 
.................... ////              line, and move the cursor to the beginning of the next   //// 
.................... ////              line.                                                    //// 
.................... ////              If LCD_EXTENDED_NEWLINE is defined, the \r character     //// 
.................... ////              will move the cursor to the start of the current         //// 
.................... ////              line.                                                    //// 
.................... ////                                                                       //// 
.................... ////  lcd_gotoxy(x,y) Set write position on LCD (upper left is 1,1)        //// 
.................... ////                                                                       //// 
.................... ////  lcd_getc(x,y)   Returns character at position x,y on LCD             //// 
.................... ////                                                                       //// 
.................... ////  lcd_cursor_on(int1 on)   Turn the cursor on (on=TRUE) or off         //// 
.................... ////              (on=FALSE).                                              //// 
.................... ////                                                                       //// 
.................... ////  lcd_set_cgram_char(w, *p)   Write a custom character to the CGRAM.   //// 
.................... ////                                                                       //// 
.................... ////                                                                       //// 
.................... ////  CONFIGURATION                                                        //// 
.................... ////  The LCD can be configured in one of two ways: a.) port access or     //// 
.................... ////  b.) pin access.  Port access requires the entire 7 bit interface     //// 
.................... ////  connected to one GPIO port, and the data bits (D4:D7 of the LCD)     //// 
.................... ////  connected to sequential pins on the GPIO.  Pin access                //// 
.................... ////  has no requirements, all 7 bits of the control interface can         //// 
.................... ////  can be connected to any GPIO using several ports.                    //// 
.................... ////                                                                       //// 
.................... ////  To use port access, #define LCD_DATA_PORT to the SFR location of     //// 
.................... ////  of the GPIO port that holds the interface, -AND- edit LCD_PIN_MAP    //// 
.................... ////  of this file to configure the pin order.  If you are using a         //// 
.................... ////  baseline PIC (PCB), then LCD_OUTPUT_MAP and LCD_INPUT_MAP also must  //// 
.................... ////  be defined.                                                          //// 
.................... ////                                                                       //// 
.................... ////  Example of port access:                                              //// 
.................... ////     #define LCD_DATA_PORT getenv("SFR:PORTD")                         //// 
.................... ////                                                                       //// 
.................... ////  To use pin access, the following pins must be defined:               //// 
.................... ////     LCD_ENABLE_PIN                                                    //// 
.................... ////     LCD_RS_PIN                                                        //// 
.................... ////     LCD_RW_PIN                                                        //// 
.................... ////     LCD_DATA4                                                         //// 
.................... ////     LCD_DATA5                                                         //// 
.................... ////     LCD_DATA6                                                         //// 
.................... ////     LCD_DATA7                                                         //// 
.................... ////                                                                       //// 
.................... ////  Example of pin access:                                               //// 
.................... ////     #define LCD_ENABLE_PIN  PIN_E0                                    //// 
.................... ////     #define LCD_RS_PIN      PIN_E1                                    //// 
.................... ////     #define LCD_RW_PIN      PIN_E2                                    //// 
.................... ////     #define LCD_DATA4       PIN_D4                                    //// 
.................... ////     #define LCD_DATA5       PIN_D5                                    //// 
.................... ////     #define LCD_DATA6       PIN_D6                                    //// 
.................... ////     #define LCD_DATA7       PIN_D7                                    //// 
.................... ////                                                                       //// 
.................... /////////////////////////////////////////////////////////////////////////////// 
.................... ////        (C) Copyright 1996,2010 Custom Computer Services           //// 
.................... //// This source code may only be used by licensed users of the CCS C  //// 
.................... //// compiler.  This source code may only be distributed to other      //// 
.................... //// licensed users of the CCS C compiler.  No other use, reproduction //// 
.................... //// or distribution is permitted without written permission.          //// 
.................... //// Derivative programs created using this software in object code    //// 
.................... //// form are not restricted in any way.                               //// 
.................... /////////////////////////////////////////////////////////////////////////// 
....................  
.................... #ifndef __LCD_C__ 
.................... #define __LCD_C__ 
....................  
.................... // define the pinout. 
.................... // only required if port access is being used. 
.................... typedef struct   
.................... {                            // This structure is overlayed 
....................    int1 enable;           // on to an I/O port to gain 
....................    int1 rs;               // access to the LCD pins. 
....................    int1 rw;               // The bits are allocated from 
....................    int1 unused;           // low order up.  ENABLE will 
....................    unsigned int     data : 4;         // be LSB pin of that port. 
....................   #if defined(__PCD__)       // The port used will be LCD_DATA_PORT. 
....................    unsigned int    reserved: 8; 
....................   #endif 
.................... } LCD_PIN_MAP; 
....................  
.................... // this is to improve compatability with previous LCD drivers that accepted 
.................... // a define labeled 'use_portb_lcd' that configured the LCD onto port B. 
.................... #if ((defined(use_portb_lcd)) && (use_portb_lcd==TRUE)) 
....................  #define LCD_DATA_PORT getenv("SFR:PORTB") 
.................... #endif 
....................  
.................... #if defined(__PCB__) 
....................    // these definitions only need to be modified for baseline PICs. 
....................    // all other PICs use LCD_PIN_MAP or individual LCD_xxx pin definitions. 
.................... /*                                    EN, RS,   RW,   UNUSED,  DATA  */ 
....................  const LCD_PIN_MAP LCD_OUTPUT_MAP =  {0,  0,    0,    0,       0}; 
....................  const LCD_PIN_MAP LCD_INPUT_MAP =   {0,  0,    0,    0,       0xF}; 
.................... #endif 
....................  
.................... ////////////////////// END CONFIGURATION /////////////////////////////////// 
....................  
.................... #ifndef LCD_ENABLE_PIN 
....................    #define lcd_output_enable(x) lcdlat.enable=x 
....................    #define lcd_enable_tris()   lcdtris.enable=0 
.................... #else 
....................    #define lcd_output_enable(x) output_bit(LCD_ENABLE_PIN, x) 
....................    #define lcd_enable_tris()  output_drive(LCD_ENABLE_PIN) 
.................... #endif 
....................  
.................... #ifndef LCD_RS_PIN 
....................    #define lcd_output_rs(x) lcdlat.rs=x 
....................    #define lcd_rs_tris()   lcdtris.rs=0 
.................... #else 
....................    #define lcd_output_rs(x) output_bit(LCD_RS_PIN, x) 
....................    #define lcd_rs_tris()  output_drive(LCD_RS_PIN) 
.................... #endif 
....................  
.................... #ifndef LCD_RW_PIN 
....................    #define lcd_output_rw(x) lcdlat.rw=x 
....................    #define lcd_rw_tris()   lcdtris.rw=0 
.................... #else 
....................    #define lcd_output_rw(x) output_bit(LCD_RW_PIN, x) 
....................    #define lcd_rw_tris()  output_drive(LCD_RW_PIN) 
.................... #endif 
....................  
.................... // original version of this library incorrectly labeled LCD_DATA0 as LCD_DATA4, 
.................... // LCD_DATA1 as LCD_DATA5, and so on.  this block of code makes the driver 
.................... // compatible with any code written for the original library 
.................... #if (defined(LCD_DATA0) && defined(LCD_DATA1) && defined(LCD_DATA2) && defined(LCD_DATA3) && !defined(LCD_DATA4) && !defined(LCD_DATA5) && !defined(LCD_DATA6) && !defined(LCD_DATA7)) 
....................    #define  LCD_DATA4    LCD_DATA0 
....................    #define  LCD_DATA5    LCD_DATA1 
....................    #define  LCD_DATA6    LCD_DATA2 
....................    #define  LCD_DATA7    LCD_DATA3 
.................... #endif 
....................  
.................... #ifndef LCD_DATA4 
.................... #ifndef LCD_DATA_PORT 
....................    #if defined(__PCB__) 
....................       #define LCD_DATA_PORT      0x06     //portb 
....................       #define set_tris_lcd(x)   set_tris_b(x) 
....................    #else 
....................      #if defined(PIN_D0) 
....................       #define LCD_DATA_PORT      getenv("SFR:PORTD")     //portd 
....................      #else 
....................       #define LCD_DATA_PORT      getenv("SFR:PORTB")     //portb 
....................      #endif 
....................    #endif    
.................... #endif 
....................  
.................... #if defined(__PCB__) 
....................    LCD_PIN_MAP lcd, lcdlat; 
....................    #byte lcd = LCD_DATA_PORT 
....................    #byte lcdlat = LCD_DATA_PORT 
.................... #elif defined(__PCM__) 
....................    LCD_PIN_MAP lcd, lcdlat, lcdtris; 
....................    #byte lcd = LCD_DATA_PORT 
....................    #byte lcdlat = LCD_DATA_PORT 
....................    #byte lcdtris = LCD_DATA_PORT+0x80 
.................... #elif defined(__PCH__) 
....................    LCD_PIN_MAP lcd, lcdlat, lcdtris; 
....................    #byte lcd = LCD_DATA_PORT 
....................    #byte lcdlat = LCD_DATA_PORT+9 
....................    #byte lcdtris = LCD_DATA_PORT+0x12 
.................... #elif defined(__PCD__) 
....................    LCD_PIN_MAP lcd, lcdlat, lcdtris; 
....................    #word lcd = LCD_DATA_PORT 
....................    #word lcdlat = LCD_DATA_PORT+2 
....................    #word lcdtris = LCD_DATA_PORT-0x02 
.................... #endif 
.................... #endif   //LCD_DATA4 not defined 
....................  
.................... #ifndef LCD_TYPE 
....................    #define LCD_TYPE 2           // 0=5x7, 1=5x10, 2=2 lines 
.................... #endif 
....................  
.................... #ifndef LCD_LINE_TWO 
....................    #define LCD_LINE_TWO 0x40    // LCD RAM address for the second line 
.................... #endif 
....................  
.................... #ifndef LCD_LINE_LENGTH 
....................    #define LCD_LINE_LENGTH 20 
.................... #endif 
....................  
.................... unsigned int8 const LCD_INIT_STRING[4] = {0x20 | (LCD_TYPE << 2), 0xc, 1, 6}; 
....................                              // These bytes need to be sent to the LCD 
....................                              // to start it up. 
....................  
.................... unsigned int8 lcd_read_nibble(void); 
....................  
.................... unsigned int8 lcd_read_byte(void) 
.................... { 
....................    unsigned int8 low,high; 
....................  
....................  #if defined(__PCB__) 
....................    set_tris_lcd(LCD_INPUT_MAP); 
....................  #else 
....................   #if (defined(LCD_DATA4) && defined(LCD_DATA5) && defined(LCD_DATA6) && defined(LCD_DATA7)) 
....................    output_float(LCD_DATA4); 
*
00A0:  BSF    05.3
....................    output_float(LCD_DATA5); 
00A1:  BSF    05.4
....................    output_float(LCD_DATA6); 
00A2:  BSF    06.0
....................    output_float(LCD_DATA7); 
00A3:  BSF    06.1
....................   #else 
....................    lcdtris.data = 0xF; 
....................   #endif 
....................  #endif 
....................          
....................    lcd_output_rw(1); 
00A4:  BCF    03.5
00A5:  BSF    05.2
00A6:  BSF    03.5
00A7:  BCF    05.2
....................    delay_cycles(1); 
00A8:  NOP
....................    lcd_output_enable(1); 
00A9:  BCF    03.5
00AA:  BSF    05.0
00AB:  BSF    03.5
00AC:  BCF    05.0
....................    delay_cycles(1); 
00AD:  NOP
....................    high = lcd_read_nibble(); 
00AE:  BCF    03.5
00AF:  CALL   067
00B0:  MOVF   78,W
00B1:  MOVWF  2B
....................        
....................    lcd_output_enable(0); 
00B2:  BCF    05.0
00B3:  BSF    03.5
00B4:  BCF    05.0
....................    delay_cycles(1); 
00B5:  NOP
....................    lcd_output_enable(1); 
00B6:  BCF    03.5
00B7:  BSF    05.0
00B8:  BSF    03.5
00B9:  BCF    05.0
....................    delay_us(1); 
00BA:  GOTO   0BB
00BB:  NOP
....................    low = lcd_read_nibble(); 
00BC:  BCF    03.5
00BD:  CALL   067
00BE:  MOVF   78,W
00BF:  MOVWF  2A
....................        
....................    lcd_output_enable(0); 
00C0:  BCF    05.0
00C1:  BSF    03.5
00C2:  BCF    05.0
....................  
....................  #if defined(__PCB__) 
....................    set_tris_lcd(LCD_OUTPUT_MAP); 
....................  #else 
....................   #if (defined(LCD_DATA4) && defined(LCD_DATA5) && defined(LCD_DATA6) && defined(LCD_DATA7)) 
....................    output_drive(LCD_DATA4); 
00C3:  BCF    05.3
....................    output_drive(LCD_DATA5); 
00C4:  BCF    05.4
....................    output_drive(LCD_DATA6); 
00C5:  BCF    06.0
....................    output_drive(LCD_DATA7); 
00C6:  BCF    06.1
....................   #else 
....................    lcdtris.data = 0x0; 
....................   #endif 
....................  #endif 
....................  
....................    return( (high<<4) | low); 
00C7:  BCF    03.5
00C8:  SWAPF  2B,W
00C9:  MOVWF  77
00CA:  MOVLW  F0
00CB:  ANDWF  77,F
00CC:  MOVF   77,W
00CD:  IORWF  2A,W
00CE:  MOVWF  78
.................... } 
....................  
.................... unsigned int8 lcd_read_nibble(void) 
.................... { 
....................   #if (defined(LCD_DATA4) && defined(LCD_DATA5) && defined(LCD_DATA6) && defined(LCD_DATA7)) 
*
0067:  CLRF   2C
....................    unsigned int8 n = 0x00; 
....................  
....................    /* Read the data port */ 
....................    n |= input(LCD_DATA4); 
0068:  BSF    03.5
0069:  BSF    05.3
006A:  MOVLW  00
006B:  BCF    03.5
006C:  BTFSC  05.3
006D:  MOVLW  01
006E:  IORWF  2C,F
....................    n |= input(LCD_DATA5) << 1; 
006F:  BSF    03.5
0070:  BSF    05.4
0071:  MOVLW  00
0072:  BCF    03.5
0073:  BTFSC  05.4
0074:  MOVLW  01
0075:  MOVWF  77
0076:  BCF    03.0
0077:  RLF    77,F
0078:  MOVF   77,W
0079:  IORWF  2C,F
....................    n |= input(LCD_DATA6) << 2; 
007A:  BSF    03.5
007B:  BSF    06.0
007C:  MOVLW  00
007D:  BCF    03.5
007E:  BTFSC  06.0
007F:  MOVLW  01
0080:  MOVWF  77
0081:  RLF    77,F
0082:  RLF    77,F
0083:  MOVLW  FC
0084:  ANDWF  77,F
0085:  MOVF   77,W
0086:  IORWF  2C,F
....................    n |= input(LCD_DATA7) << 3; 
0087:  BSF    03.5
0088:  BSF    06.1
0089:  MOVLW  00
008A:  BCF    03.5
008B:  BTFSC  06.1
008C:  MOVLW  01
008D:  MOVWF  77
008E:  RLF    77,F
008F:  RLF    77,F
0090:  RLF    77,F
0091:  MOVLW  F8
0092:  ANDWF  77,F
0093:  MOVF   77,W
0094:  IORWF  2C,F
....................     
....................    return(n); 
0095:  MOVF   2C,W
0096:  MOVWF  78
....................   #else 
0097:  RETURN
....................    return(lcd.data); 
....................   #endif 
.................... } 
....................  
.................... void lcd_send_nibble(unsigned int8 n) 
.................... { 
....................   #if (defined(LCD_DATA4) && defined(LCD_DATA5) && defined(LCD_DATA6) && defined(LCD_DATA7)) 
....................    /* Write to the data port */ 
....................    output_bit(LCD_DATA4, bit_test(n, 0)); 
*
003A:  BTFSC  2B.0
003B:  GOTO   03E
003C:  BCF    05.3
003D:  GOTO   03F
003E:  BSF    05.3
003F:  BSF    03.5
0040:  BCF    05.3
....................    output_bit(LCD_DATA5, bit_test(n, 1)); 
0041:  BCF    03.5
0042:  BTFSC  2B.1
0043:  GOTO   046
0044:  BCF    05.4
0045:  GOTO   047
0046:  BSF    05.4
0047:  BSF    03.5
0048:  BCF    05.4
....................    output_bit(LCD_DATA6, bit_test(n, 2)); 
0049:  BCF    03.5
004A:  BTFSC  2B.2
004B:  GOTO   04E
004C:  BCF    06.0
004D:  GOTO   04F
004E:  BSF    06.0
004F:  BSF    03.5
0050:  BCF    06.0
....................    output_bit(LCD_DATA7, bit_test(n, 3)); 
0051:  BCF    03.5
0052:  BTFSC  2B.3
0053:  GOTO   056
0054:  BCF    06.1
0055:  GOTO   057
0056:  BSF    06.1
0057:  BSF    03.5
0058:  BCF    06.1
....................   #else       
....................    lcdlat.data = n; 
....................   #endif 
....................        
....................    delay_cycles(1); 
0059:  NOP
....................    lcd_output_enable(1); 
005A:  BCF    03.5
005B:  BSF    05.0
005C:  BSF    03.5
005D:  BCF    05.0
....................    delay_us(2); 
005E:  GOTO   05F
005F:  GOTO   060
0060:  GOTO   061
....................    lcd_output_enable(0); 
0061:  BCF    03.5
0062:  BCF    05.0
0063:  BSF    03.5
0064:  BCF    05.0
0065:  BCF    03.5
0066:  RETURN
.................... } 
....................  
.................... void lcd_send_byte(unsigned int8 address, unsigned int8 n) 
.................... { 
....................   #if defined(__PCB__) 
....................    set_tris_lcd(LCD_OUTPUT_MAP); 
....................   #else 
....................    lcd_enable_tris(); 
*
0098:  BSF    03.5
0099:  BCF    05.0
....................    lcd_rs_tris(); 
009A:  BCF    05.1
....................    lcd_rw_tris(); 
009B:  BCF    05.2
....................   #endif 
....................  
....................    lcd_output_rs(0); 
009C:  BCF    03.5
009D:  BCF    05.1
009E:  BSF    03.5
009F:  BCF    05.1
....................    while ( bit_test(lcd_read_byte(),7) ) ; 
*
00CF:  MOVF   78,W
00D0:  MOVWF  2A
00D1:  BTFSS  2A.7
00D2:  GOTO   0D5
00D3:  BSF    03.5
00D4:  GOTO   0A0
....................    lcd_output_rs(address); 
00D5:  MOVF   28,F
00D6:  BTFSS  03.2
00D7:  GOTO   0DA
00D8:  BCF    05.1
00D9:  GOTO   0DB
00DA:  BSF    05.1
00DB:  BSF    03.5
00DC:  BCF    05.1
....................    delay_cycles(1); 
00DD:  NOP
....................    lcd_output_rw(0); 
00DE:  BCF    03.5
00DF:  BCF    05.2
00E0:  BSF    03.5
00E1:  BCF    05.2
....................    delay_cycles(1); 
00E2:  NOP
....................    lcd_output_enable(0); 
00E3:  BCF    03.5
00E4:  BCF    05.0
00E5:  BSF    03.5
00E6:  BCF    05.0
....................    lcd_send_nibble(n >> 4); 
00E7:  BCF    03.5
00E8:  SWAPF  29,W
00E9:  MOVWF  2A
00EA:  MOVLW  0F
00EB:  ANDWF  2A,F
00EC:  MOVF   2A,W
00ED:  MOVWF  2B
00EE:  CALL   03A
....................    lcd_send_nibble(n & 0xf); 
00EF:  MOVF   29,W
00F0:  ANDLW  0F
00F1:  MOVWF  2A
00F2:  MOVWF  2B
00F3:  CALL   03A
00F4:  RETURN
.................... } 
....................  
.................... #if defined(LCD_EXTENDED_NEWLINE) 
.................... unsigned int8 g_LcdX, g_LcdY; 
.................... #endif 
....................  
.................... void lcd_init(void)  
.................... { 
....................    unsigned int8 i; 
....................  
....................  #if defined(__PCB__) 
....................    set_tris_lcd(LCD_OUTPUT_MAP); 
....................  #else 
....................   #if (defined(LCD_DATA4) && defined(LCD_DATA5) && defined(LCD_DATA6) && defined(LCD_DATA7)) 
....................    output_drive(LCD_DATA4); 
00F5:  BSF    03.5
00F6:  BCF    05.3
....................    output_drive(LCD_DATA5); 
00F7:  BCF    05.4
....................    output_drive(LCD_DATA6); 
00F8:  BCF    06.0
....................    output_drive(LCD_DATA7); 
00F9:  BCF    06.1
....................   #else 
....................    lcdtris.data = 0x0; 
....................   #endif 
....................    lcd_enable_tris(); 
00FA:  BCF    05.0
....................    lcd_rs_tris(); 
00FB:  BCF    05.1
....................    lcd_rw_tris(); 
00FC:  BCF    05.2
....................  #endif 
....................  
....................    lcd_output_rs(0); 
00FD:  BCF    03.5
00FE:  BCF    05.1
00FF:  BSF    03.5
0100:  BCF    05.1
....................    lcd_output_rw(0); 
0101:  BCF    03.5
0102:  BCF    05.2
0103:  BSF    03.5
0104:  BCF    05.2
....................    lcd_output_enable(0); 
0105:  BCF    03.5
0106:  BCF    05.0
0107:  BSF    03.5
0108:  BCF    05.0
....................      
....................    delay_ms(15); 
0109:  MOVLW  0F
010A:  BCF    03.5
010B:  MOVWF  24
010C:  CALL   025
....................    for(i=1;i<=3;++i) 
010D:  MOVLW  01
010E:  MOVWF  22
010F:  MOVF   22,W
0110:  SUBLW  03
0111:  BTFSS  03.0
0112:  GOTO   11B
....................    { 
....................        lcd_send_nibble(3); 
0113:  MOVLW  03
0114:  MOVWF  2B
0115:  CALL   03A
....................        delay_ms(5); 
0116:  MOVLW  05
0117:  MOVWF  24
0118:  CALL   025
0119:  INCF   22,F
011A:  GOTO   10F
....................    } 
....................     
....................    lcd_send_nibble(2); 
011B:  MOVLW  02
011C:  MOVWF  2B
011D:  CALL   03A
....................    delay_ms(5); 
011E:  MOVLW  05
011F:  MOVWF  24
0120:  CALL   025
....................    for(i=0;i<=3;++i) 
0121:  CLRF   22
0122:  MOVF   22,W
0123:  SUBLW  03
0124:  BTFSS  03.0
0125:  GOTO   12F
....................       lcd_send_byte(0,LCD_INIT_STRING[i]); 
0126:  MOVF   22,W
0127:  CALL   004
0128:  MOVWF  23
0129:  CLRF   28
012A:  MOVF   23,W
012B:  MOVWF  29
012C:  CALL   098
....................  
....................   #if defined(LCD_EXTENDED_NEWLINE) 
012D:  INCF   22,F
012E:  GOTO   122
012F:  GOTO   17D (RETURN)
....................    g_LcdX = 0; 
....................    g_LcdY = 0; 
....................   #endif 
.................... } 
....................  
.................... void lcd_gotoxy(unsigned int8 x, unsigned int8 y) 
.................... { 
....................    unsigned int8 address; 
....................     
....................    if(y!=1) 
0130:  DECFSZ 25,W
0131:  GOTO   133
0132:  GOTO   136
....................       address=LCD_LINE_TWO; 
0133:  MOVLW  40
0134:  MOVWF  26
0135:  GOTO   137
....................    else 
....................       address=0; 
0136:  CLRF   26
....................       
....................    address+=x-1; 
0137:  MOVLW  01
0138:  SUBWF  24,W
0139:  ADDWF  26,F
....................    lcd_send_byte(0,0x80|address); 
013A:  MOVF   26,W
013B:  IORLW  80
013C:  MOVWF  27
013D:  CLRF   28
013E:  MOVF   27,W
013F:  MOVWF  29
0140:  CALL   098
....................  
....................   #if defined(LCD_EXTENDED_NEWLINE) 
0141:  RETURN
....................    g_LcdX = x - 1; 
....................    g_LcdY = y - 1; 
....................   #endif 
.................... } 
....................  
.................... void lcd_putc(char c) 
.................... { 
....................    switch (c) 
0142:  MOVF   23,W
0143:  XORLW  07
0144:  BTFSC  03.2
0145:  GOTO   150
0146:  XORLW  0B
0147:  BTFSC  03.2
0148:  GOTO   155
0149:  XORLW  06
014A:  BTFSC  03.2
014B:  GOTO   15D
014C:  XORLW  02
014D:  BTFSC  03.2
014E:  GOTO   163
014F:  GOTO   168
....................    { 
....................       case '\a'   :  lcd_gotoxy(1,1);     break; 
0150:  MOVLW  01
0151:  MOVWF  24
0152:  MOVWF  25
0153:  CALL   130
0154:  GOTO   16D
....................  
....................       case '\f'   :  lcd_send_byte(0,1); 
0155:  CLRF   28
0156:  MOVLW  01
0157:  MOVWF  29
0158:  CALL   098
....................                      delay_ms(2); 
0159:  MOVLW  02
015A:  MOVWF  24
015B:  CALL   025
....................                     #if defined(LCD_EXTENDED_NEWLINE) 
....................                      g_LcdX = 0; 
....................                      g_LcdY = 0; 
....................                     #endif 
....................                      break; 
015C:  GOTO   16D
....................  
....................      #if defined(LCD_EXTENDED_NEWLINE) 
....................       case '\r'   :  lcd_gotoxy(1, g_LcdY+1);   break; 
....................       case '\n'   : 
....................          while (g_LcdX++ < LCD_LINE_LENGTH) 
....................          { 
....................             lcd_send_byte(1, ' '); 
....................          } 
....................          lcd_gotoxy(1, g_LcdY+2); 
....................          break; 
....................      #else 
....................       case '\n'   : lcd_gotoxy(1,2);        break; 
015D:  MOVLW  01
015E:  MOVWF  24
015F:  MOVLW  02
0160:  MOVWF  25
0161:  CALL   130
0162:  GOTO   16D
....................      #endif 
....................       
....................       case '\b'   : lcd_send_byte(0,0x10);  break; 
0163:  CLRF   28
0164:  MOVLW  10
0165:  MOVWF  29
0166:  CALL   098
0167:  GOTO   16D
....................       
....................      #if defined(LCD_EXTENDED_NEWLINE) 
....................       default     :  
....................          if (g_LcdX < LCD_LINE_LENGTH) 
....................          { 
....................             lcd_send_byte(1, c); 
....................             g_LcdX++; 
....................          } 
....................          break; 
....................      #else 
....................       default     : lcd_send_byte(1,c);     break; 
0168:  MOVLW  01
0169:  MOVWF  28
016A:  MOVF   23,W
016B:  MOVWF  29
016C:  CALL   098
....................      #endif 
....................    } 
016D:  RETURN
.................... } 
....................   
.................... char lcd_getc(unsigned int8 x, unsigned int8 y) 
.................... { 
....................    char value; 
....................  
....................    lcd_gotoxy(x,y); 
....................    while ( bit_test(lcd_read_byte(),7) ); // wait until busy flag is low 
....................    lcd_output_rs(1); 
....................    value = lcd_read_byte(); 
....................    lcd_output_rs(0); 
....................     
....................    return(value); 
.................... } 
....................  
.................... // write a custom character to the ram 
.................... // which is 0-7 and specifies which character array we are modifying. 
.................... // ptr points to an array of 8 bytes, where each byte is the next row of 
.................... //    pixels.  only bits 0-4 are used.  the last row is the cursor row, and 
.................... //    usually you will want to leave this byte 0x00. 
.................... void lcd_set_cgram_char(unsigned int8 which, unsigned int8 *ptr) 
.................... { 
....................    unsigned int i; 
....................  
....................    which <<= 3; 
....................    which &= 0x38; 
....................  
....................    lcd_send_byte(0, 0x40 | which);  //set cgram address 
....................  
....................    for(i=0; i<8; i++) 
....................    { 
....................       lcd_send_byte(1, *ptr++); 
....................    } 
....................    
....................    #if defined(LCD_EXTENDED_NEWLINE) 
....................     lcd_gotoxy(g_LcdX+1, g_LcdY+1);  //set ddram address 
....................    #endif 
.................... } 
....................  
.................... void lcd_cursor_on(int1 on) 
.................... { 
....................    if (on) 
....................    { 
....................       lcd_send_byte(0,0x0F);           //turn LCD cursor ON 
....................    } 
....................    else 
....................    { 
....................       lcd_send_byte(0,0x0C);           //turn LCD cursor OFF 
....................    } 
.................... } 
....................  
.................... #endif 
....................  
....................  
.................... void main() 
016E:  MOVF   03,W
016F:  ANDLW  1F
0170:  MOVWF  03
0171:  MOVLW  4D
0172:  BSF    03.5
0173:  MOVWF  19
0174:  MOVLW  A6
0175:  MOVWF  18
0176:  MOVLW  90
0177:  BCF    03.5
0178:  MOVWF  18
0179:  MOVLW  07
017A:  MOVWF  1F
017B:  BCF    03.7
.................... { 
....................    lcd_init(); 
017C:  GOTO   0F5
....................  
....................    lcd_putc("\fReady...\n"); 
017D:  CLRF   22
017E:  MOVF   22,W
017F:  CALL   00C
0180:  IORLW  00
0181:  BTFSC  03.2
0182:  GOTO   187
0183:  INCF   22,F
0184:  MOVWF  23
0185:  CALL   142
0186:  GOTO   17E
....................    char dados; 
....................    while(TRUE) 
....................    { 
....................       printf(lcd_putc, "Teste"); 
0187:  CLRF   22
0188:  MOVF   22,W
0189:  CALL   01B
018A:  INCF   22,F
018B:  MOVWF  77
018C:  MOVWF  23
018D:  CALL   142
018E:  MOVLW  05
018F:  SUBWF  22,W
0190:  BTFSS  03.2
0191:  GOTO   188
....................       dados = getc(); 
0192:  BTFSS  0C.5
0193:  GOTO   192
0194:  MOVF   1A,W
0195:  MOVWF  21
....................       printf(lcd_putc, "Teste"); 
0196:  CLRF   22
0197:  MOVF   22,W
0198:  CALL   01B
0199:  INCF   22,F
019A:  MOVWF  77
019B:  MOVWF  23
019C:  CALL   142
019D:  MOVLW  05
019E:  SUBWF  22,W
019F:  BTFSS  03.2
01A0:  GOTO   197
01A1:  GOTO   187
....................       //TODO: User Code 
....................    } 
....................  
.................... } 
01A2:  SLEEP

Configuration Fuses:
   Word  1: 3F22   NOWDT PUT HS MCLR NOBROWNOUT NOLVP NOCPD NOPROTECT
