
ROM used:   671/2048 (33%)
            671/2048 (33%) including unused fragments

            0.6 Average locations per line
            5.2 Average locations per statement

RAM used:   7/224 (3%) at main() level
            18/224 (8%) worst case

Stack used: 4 worst case (4 in main + 0 for interrupts)
Stack size: 8

Lines Stmts  %   Files
----- ----- ---  -----
   66    28  22  main.c
    6     0   0  main.h
  508     0   0  C:\Program Files (x86)\PICC\Devices\16F628A.h
  456   100  78  C:\Program Files (x86)\PICC\Drivers\lcd.c
----- -----
 1036   128 Total

Page ROM  %  RAM   Vol Diff  Functions:
---- --- --- ---   --- ----  ----------
0     21   3    1             @delay_ms1
0     37   6    1             @GETCH_1_
0      8   1    0             @const560
 Inline         3   760  4.5  lcd_read_byte
0     49   7    2   262  3.7  lcd_read_nibble
0     45   7    1   399  2.4  lcd_send_nibble
0     93  14    3   415  3.7  lcd_send_byte
0     59   9    2   704  5.0  lcd_init
0     18   3    4   208  6.3  lcd_gotoxy
0     44   7    1   354  4.7  lcd_putc
0    157  23    2   807  5.2  MAIN
0     15   2    0             @const595
0     20   3    0             @const596
0     23   3    0             @const597
0     18   3    0             @const598
0     21   3    0             @const599
0     18   3    0             @const600
0     21   3    0             @const601
 Inline         0             @cinit1

Program metrics:
    Functions               8
    Statements              128
    Comments                195
    Volume (V)              5922
    Difficulty (D)          33.7
    Effort to implement (E) 199830
    Time to implement (T)   3 hours, 5 minutes
    Est Delivered Bugs (B)  1
    Cyclomatic Complexity   15
    Maintainability (MI)    140

 Segment     Used  Free
-----------  ----  ----
00000-00003     4  0  
00004-007FF   667  1377  



